2024-04-08 09:04:41 - PHP Warning: realpath(): open_basedir restriction in effect. File(/var) is not within the allowed path(s): (/var/www:/tmp/)
File: /var/www/admin/controller/common/security.php
Line: 27

2024-04-08 09:45:40 - PHP Warning: realpath(): open_basedir restriction in effect. File(/var) is not within the allowed path(s): (/var/www:/tmp/)
File: /var/www/admin/controller/common/security.php
Line: 27

2024-04-08 09:45:45 - PHP Warning: realpath(): open_basedir restriction in effect. File(/var) is not within the allowed path(s): (/var/www:/tmp/)
File: /var/www/admin/controller/common/security.php
Line: 27

2024-04-08 09:45:50 - PHP Warning: realpath(): open_basedir restriction in effect. File(/var) is not within the allowed path(s): (/var/www:/tmp/)
File: /var/www/admin/controller/common/security.php
Line: 27

2024-04-08 09:47:52 - PHP Warning: realpath(): open_basedir restriction in effect. File(/var) is not within the allowed path(s): (/var/www:/tmp/)
File: /var/www/admin/controller/common/security.php
Line: 27

2024-04-08 09:47:56 - PHP Warning: realpath(): open_basedir restriction in effect. File(/var) is not within the allowed path(s): (/var/www:/tmp/)
File: /var/www/admin/controller/common/security.php
Line: 27

2024-04-08 09:48:00 - PHP Warning: realpath(): open_basedir restriction in effect. File(/var) is not within the allowed path(s): (/var/www:/tmp/)
File: /var/www/admin/controller/common/security.php
Line: 27

2024-04-08 09:49:04 - PHP Warning: realpath(): open_basedir restriction in effect. File(/var) is not within the allowed path(s): (/var/www:/tmp/)
File: /var/www/admin/controller/common/security.php
Line: 27

2024-04-08 09:51:20 - PHP Warning: realpath(): open_basedir restriction in effect. File(/var) is not within the allowed path(s): (/var/www:/tmp/)
File: /var/www/admin/controller/common/security.php
Line: 27

2024-04-08 09:51:25 - PHP Warning: realpath(): open_basedir restriction in effect. File(/var) is not within the allowed path(s): (/var/www:/tmp/)
File: /var/www/admin/controller/common/security.php
Line: 27

2024-04-08 10:06:48 - 0:  Undefined constant "Opencart\Admin\Controller\Marketplace\GLOB_BRACE"
File: /var/www/admin/controller/marketplace/installer.php
Line: 623

2024-04-08 11:04:53 - PHP Warning: realpath(): open_basedir restriction in effect. File(/var) is not within the allowed path(s): (/var/www:/tmp/)
File: /var/www/admin/controller/common/security.php
Line: 27

